"../../../../Users/geova/OneDrive/Documents/Unreal Projects/VRClassroom 4.25/Content/VirtualReality/Mannequin/Character/Mesh/MannequinHand_Right_Skeleton.uasset" 0
"../../../../Users/geova/OneDrive/Documents/Unreal Projects/VRClassroom 4.25/Content/VirtualReality/Mannequin/Animations/MannequinHand_Right_CanGrab.uasset" 1
"../../../../Users/geova/OneDrive/Documents/Unreal Projects/VRClassroom 4.25/Content/VirtualReality/Mannequin/Animations/MannequinHand_Right_Grab.uasset" 2
"../../../../Users/geova/OneDrive/Documents/Unreal Projects/VRClassroom 4.25/Content/VirtualReality/Mannequin/Animations/MannequinHand_Right_Open.uasset" 3
"../../../../Users/geova/OneDrive/Documents/Unreal Projects/VRClassroom 4.25/Content/VirtualReality/Mannequin/Animations/RightGrip_BS.uasset" 4
"../../../../Users/geova/OneDrive/Documents/Unreal Projects/VRClassroom 4.25/Content/VirtualRealityBP/Blueprints/GripEnum.uasset" 5
"../../../../Users/geova/OneDrive/Documents/Unreal Projects/VRClassroom 4.25/Content/VirtualReality/Mannequin/Animations/RightHand_AnimBP.uasset" 6
"../../../Engine/Content/EditorBlueprintResources/StandardMacros.uasset" 7
"../../../../Users/geova/OneDrive/Documents/Unreal Projects/VRClassroom 4.25/Content/VirtualRealityBP/Blueprints/PickupActorInterface.uasset" 8
"../../../Engine/Content/EngineResources/DefaultTexture.uasset" 9
"../../../../Users/geova/OneDrive/Documents/Unreal Projects/VRClassroom 4.25/Content/Whiteboard/Materials/Whiteboard_MAT.uasset" 10
"../../../Engine/Content/Functions/Engine_MaterialFunctions01/Opacity/CameraDepthFade.uasset" 11
"../../../Engine/Content/EngineMaterials/T_Default_Material_Grid_M.uasset" 12
"../../../Engine/Content/EngineMaterials/T_Default_Material_Grid_N.uasset" 13
"../../../Engine/Content/EngineMaterials/WorldGridMaterial.uasset" 14
"../../../Engine/Content/BasicShapes/Plane.uasset" 15
"../../../../Users/geova/OneDrive/Documents/Unreal Projects/VRClassroom 4.25/Content/Whiteboard/Blueprints/BP_Whiteboard.uasset" 16
"../../../../Users/geova/OneDrive/Documents/Unreal Projects/VRClassroom 4.25/Content/Whiteboard/Blueprints/BP_DrawBrush.uasset" 17
"../../../../Users/geova/OneDrive/Documents/Unreal Projects/VRClassroom 4.25/Content/VirtualRealityBP/Blueprints/MotionControllerHaptics.uasset" 18
"../../../Engine/Content/BasicShapes/BasicShapeMaterial.uasset" 19
"../../../Engine/Content/Functions/Engine_MaterialFunctions02/Utility/BreakOutFloat2Components.uasset" 20
"../../../Engine/Content/Functions/Engine_MaterialFunctions01/Texturing/ScaleUVsByCenter.uasset" 21
"../../../Engine/Content/Functions/Engine_MaterialFunctions02/ScreenResolution.uasset" 22
"../../../Engine/Content/Functions/Engine_MaterialFunctions02/Texturing/ScreenAlignedUVs.uasset" 23
"../../../Engine/Content/Functions/Engine_MaterialFunctions02/Utility/CameraDirectionVector.uasset" 24
"../../../Engine/Content/Functions/Engine_MaterialFunctions02/Utility/DepthFromWorldPosition.uasset" 25
"../../../../Users/geova/OneDrive/Documents/Unreal Projects/VRClassroom 4.25/Content/VirtualReality/Materials/MF_OccludedPixels.uasset" 26
"../../../../Users/geova/OneDrive/Documents/Unreal Projects/VRClassroom 4.25/Content/VirtualReality/Materials/TeleportMCP.uasset" 27
"../../../Engine/Content/EngineMaterials/Good64x64TilingNoiseHighFreq.uasset" 28
"../../../../Users/geova/OneDrive/Documents/Unreal Projects/VRClassroom 4.25/Content/VirtualReality/Materials/M_ArcEndpoint.uasset" 29
"../../../../Users/geova/OneDrive/Documents/Unreal Projects/VRClassroom 4.25/Content/VirtualReality/Materials/M_SplineArcMat.uasset" 30
"../../../../Users/geova/OneDrive/Documents/Unreal Projects/VRClassroom 4.25/Content/VirtualReality/Materials/M_TeleportPreviews.uasset" 31
"../../../../Users/geova/OneDrive/Documents/Unreal Projects/VRClassroom 4.25/Content/VirtualReality/Materials/MI_ChaperoneOutline.uasset" 32
"../../../../Users/geova/OneDrive/Documents/Unreal Projects/VRClassroom 4.25/Content/VirtualReality/Materials/MI_TeleportCylinderPreview.uasset" 33
"../../../Engine/Content/EngineMaterials/DefaultMaterial.uasset" 34
"../../../Engine/Content/BasicShapes/Cylinder.uasset" 35
"../../../Engine/Content/BasicShapes/Sphere.uasset" 36
"../../../../Users/geova/OneDrive/Documents/Unreal Projects/VRClassroom 4.25/Content/VirtualReality/Mannequin/Character/Textures/UE4_Mannequin__normals.uasset" 37
"../../../../Users/geova/OneDrive/Documents/Unreal Projects/VRClassroom 4.25/Content/VirtualReality/Mannequin/Character/Textures/UE4_Mannequin_MAT_MASKA.uasset" 38
"../../../../Users/geova/OneDrive/Documents/Unreal Projects/VRClassroom 4.25/Content/VirtualReality/Mannequin/Character/Materials/M_HandMat.uasset" 39
"../../../../Users/geova/OneDrive/Documents/Unreal Projects/VRClassroom 4.25/Content/VirtualReality/Mannequin/Character/Mesh/MannequinHand_Right_PhysicsAsset.uasset" 40
"../../../../Users/geova/OneDrive/Documents/Unreal Projects/VRClassroom 4.25/Content/VirtualReality/Mannequin/Character/Mesh/MannequinHand_Right.uasset" 41
"../../../../Users/geova/OneDrive/Documents/Unreal Projects/VRClassroom 4.25/Content/VirtualReality/Meshes/1x1_cube.uasset" 42
"../../../../Users/geova/OneDrive/Documents/Unreal Projects/VRClassroom 4.25/Content/VirtualReality/Meshes/BeaconDirection.uasset" 43
"../../../../Users/geova/OneDrive/Documents/Unreal Projects/VRClassroom 4.25/Content/VirtualReality/Meshes/BeamMesh.uasset" 44
"../../../../Users/geova/OneDrive/Documents/Unreal Projects/VRClassroom 4.25/Content/VirtualReality/Meshes/SM_FatCylinder.uasset" 45
"../../../../Users/geova/OneDrive/Documents/Unreal Projects/VRClassroom 4.25/Content/VirtualRealityBP/Blueprints/BP_MotionController.uasset" 46
"../../../../Users/geova/OneDrive/Documents/Unreal Projects/VRClassroom 4.25/Content/VirtualRealityBP/Blueprints/MotionControllerPawn.uasset" 47
"../../../../Users/geova/OneDrive/Documents/Unreal Projects/VRClassroom 4.25/Content/Campus/Blueprints/BP_GameMode.uasset" 48
"../../../Engine/Content/Animation/DefaultAnimBoneCompressionSettings.uasset" 49
"../../../Engine/Content/Animation/DefaultAnimCurveCompressionSettings.uasset" 50
"../../../Engine/Content/ArtTools/RenderToTexture/Meshes/S_1_Unit_Plane.uasset" 51
"../../../Engine/Content/BasicShapes/Cone.uasset" 52
"../../../Engine/Content/BasicShapes/Cube.uasset" 53
"../../../Engine/Content/EditorLandscapeResources/DataLayer.uasset" 54
"../../../Engine/Content/EditorMaterials/MAT_Groups_Toggle.uasset" 55
"../../../Engine/Content/EditorMaterials/MAT_Groups_Visibility.uasset" 56
"../../../Engine/Content/EditorMaterials/PreviewShadowIndicator.uasset" 57
"../../../Engine/Content/EditorMaterials/PreviewShadowIndicatorMaterial.uasset" 58
"../../../Engine/Content/EditorMaterials/MatineeGroups/MAT_ColorTrack.uasset" 59
"../../../Engine/Content/EditorMaterials/MatineeGroups/MAT_Groups_Anim.uasset" 60
"../../../Engine/Content/EditorMaterials/MatineeGroups/MAT_Groups_AudioMaster.uasset" 61
"../../../Engine/Content/EditorMaterials/MatineeGroups/MAT_Groups_Director.uasset" 62
"../../../Engine/Content/EditorMaterials/MatineeGroups/MAT_Groups_Event.uasset" 63
"../../../Engine/Content/EditorMaterials/MatineeGroups/MAT_Groups_Fade.uasset" 64
"../../../Engine/Content/EditorMaterials/MatineeGroups/MAT_Groups_Float.uasset" 65
"../../../Engine/Content/EditorMaterials/MatineeGroups/MAT_Groups_Move.uasset" 66
"../../../Engine/Content/EditorMaterials/MatineeGroups/MAT_Groups_Slomo.uasset" 67
"../../../Engine/Content/EditorMaterials/MatineeGroups/MAT_Groups_Sound.uasset" 68
"../../../Engine/Content/EditorMaterials/MatineeGroups/MAT_Groups_Vector.uasset" 69
"../../../Engine/Content/EditorMaterials/ParticleSystems/PSysThumbnail_NoImage.uasset" 70
"../../../Engine/Content/EditorMaterials/ParticleSystems/PSysThumbnail_OOD.uasset" 71
"../../../Engine/Content/EditorMaterials/Camera/CineMat.uasset" 72
"../../../Engine/Content/EditorMaterials/Camera/MI_CineMat_Rig.uasset" 73
"../../../Engine/Content/EditorMeshes/Camera/SM_CraneRig_Arm.uasset" 74
"../../../Engine/Content/EditorMeshes/Camera/SM_CraneRig_Base.uasset" 75
"../../../Engine/Content/EditorMeshes/Camera/SM_CraneRig_Body.uasset" 76
"../../../Engine/Content/EditorMeshes/Camera/SM_CraneRig_Mount.uasset" 77
"../../../Engine/Content/EditorMeshes/Camera/SM_RailRig_Mount.uasset" 78
"../../../Engine/Content/EditorMeshes/Camera/SM_RailRig_Track.uasset" 79
"../../../Engine/Content/EditorResources/BSPVertex.uasset" 80
"../../../Engine/Content/EditorResources/EmptyActor.uasset" 81
"../../../Engine/Content/EditorResources/S_Actor.uasset" 82
"../../../Engine/Content/EditorResources/S_Note.uasset" 83
"../../../Engine/Content/EditorResources/S_Solver.uasset" 84
"../../../Engine/Content/EditorResources/S_Trigger.uasset" 85
"../../../Engine/Content/EditorResources/LightIcons/S_LightError.uasset" 86
"../../../Engine/Content/EditorResources/SequenceRecorder/Countdown.uasset" 87
"../../../Engine/Content/EditorResources/SequenceRecorder/RecordingIndicator.uasset" 88
"../../../Engine/Content/EditorSounds/Notifications/CompileFailed.uasset" 89
"../../../Engine/Content/EditorSounds/Notifications/CompileFailed_Cue.uasset" 90
"../../../Engine/Content/EditorSounds/Notifications/CompileSuccess.uasset" 91
"../../../Engine/Content/EditorSounds/Notifications/CompileStart_Cue.uasset" 92
"../../../Engine/Content/EditorSounds/Notifications/CompileSuccess_Cue.uasset" 93
"../../../Engine/Content/EngineDamageTypes/DmgTypeBP_Environmental.uasset" 94
"../../../Engine/Content/EngineDebugMaterials/DebugEditorMaterial.uasset" 95
"../../../Engine/Content/EngineDebugMaterials/DebugMeshMaterial.uasset" 96
"../../../Engine/Content/EngineDebugMaterials/M_SimpleUnlitTranslucent.uasset" 97
"../../../Engine/Content/EngineDebugMaterials/VolumeToRender.uasset" 98
"../../../Engine/Content/EngineDebugMaterials/M_VolumeRenderSphereTracePP.uasset" 99
"../../../Engine/Content/EngineDebugMaterials/WireframeMaterial.uasset" 100
"../../../Engine/Content/EngineFonts/Faces/DroidSansFallback.uasset" 101
"../../../Engine/Content/EngineFonts/Faces/RobotoBold.uasset" 102
"../../../Engine/Content/EngineFonts/Faces/RobotoBoldItalic.uasset" 103
"../../../Engine/Content/EngineFonts/Faces/RobotoItalic.uasset" 104
"../../../Engine/Content/EngineFonts/Faces/RobotoLight.uasset" 105
"../../../Engine/Content/EngineFonts/Faces/RobotoRegular.uasset" 106
"../../../Engine/Content/EngineFonts/Roboto.uasset" 107
"../../../Engine/Content/EngineMaterials/BaseFlattenDiffuseMap.uasset" 108
"../../../Engine/Content/EngineMaterials/BaseFlattenEmissiveMap.uasset" 109
"../../../Engine/Content/EngineMaterials/BaseFlattenGrayscaleMap.uasset" 110
"../../../Engine/Content/EngineMaterials/BaseFlattenNormalMap.uasset" 111
"../../../Engine/Content/EngineMaterials/BaseFlattenMaterial.uasset" 112
"../../../Engine/Content/EngineMaterials/BlueNoise.uasset" 113
"../../../Engine/Content/EngineMaterials/DefaultBloomKernel.uasset" 114
"../../../Engine/Content/EngineMaterials/DefaultBokeh.uasset" 115
"../../../Engine/Content/EngineMaterials/DefaultDiffuse.uasset" 116
"../../../Engine/Content/EngineMaterials/DefaultDeferredDecalMaterial.uasset" 117
"../../../Engine/Content/EngineMaterials/DefaultLightFunctionMaterial.uasset" 118
"../../../Engine/Content/EngineMaterials/DefaultPhysicalMaterial.uasset" 119
"../../../Engine/Content/EngineMaterials/DefaultPostProcessMaterial.uasset" 120
"../../../Engine/Content/EngineFonts/RobotoDistanceField.uasset" 121
"../../../Engine/Content/EngineMaterials/DefaultTextMaterialOpaque.uasset" 122
"../../../Engine/Content/EngineMaterials/DefaultWhiteGrid.uasset" 123
"../../../Engine/Content/EngineMaterials/DefaultWhiteGrid_Low.uasset" 124
"../../../Engine/Content/EngineMaterials/EmissiveMeshMaterial.uasset" 125
"../../../Engine/Content/EngineMaterials/GizmoMaterial.uasset" 126
"../../../Engine/Content/EngineMaterials/MiniFont.uasset" 127
"../../../Engine/Content/EngineMaterials/InvalidLightmapSettings.uasset" 128
"../../../Engine/Content/EngineMaterials/M_InvalidLightmapSettings.uasset" 129
"../../../Engine/Content/Functions/Engine_MaterialFunctions02/WorldPositionOffset/CameraOffset.uasset" 130
"../../../Engine/Content/EngineMaterials/PhAT_JointLimitMaterial.uasset" 131
"../../../Engine/Content/EngineMaterials/PreintegratedSkinBRDF.uasset" 132
"../../../Engine/Content/EngineMaterials/RemoveSurfaceMaterial.uasset" 133
"../../../Engine/Content/EngineMaterials/WeightMapPlaceholderTexture.uasset" 134
"../../../Engine/Content/EngineResources/WhiteSquareTexture.uasset" 135
"../../../Engine/Content/EngineMaterials/Widget3DPassThrough.uasset" 136
"../../../Engine/Content/EngineMaterials/Widget3DPassThrough_Masked.uasset" 137
"../../../Engine/Content/EngineMaterials/Widget3DPassThrough_Opaque.uasset" 138
"../../../Engine/Content/EngineMaterials/Widget3DPassThrough_Masked_OneSided.uasset" 139
"../../../Engine/Content/EngineMaterials/Widget3DPassThrough_Opaque_OneSided.uasset" 140
"../../../Engine/Content/EngineMaterials/Widget3DPassThrough_Translucent.uasset" 141
"../../../Engine/Content/EngineMaterials/Widget3DPassThrough_Translucent_OneSided.uasset" 142
"../../../Engine/Content/EngineMeshes/Cylinder.uasset" 143
"../../../Engine/Content/EngineMeshes/Sphere.uasset" 144
"../../../Engine/Content/EngineResources/Black.uasset" 145
"../../../Engine/Content/EngineResources/DefaultTextureCube.uasset" 146
"../../../Engine/Content/EngineResources/DefaultVolumeTexture2D.uasset" 147
"../../../Engine/Content/EngineResources/DefaultVolumeTexture.uasset" 148
"../../../Engine/Content/EngineResources/GradientTexture0.uasset" 149
"../../../Engine/Content/EngineSounds/Master.uasset" 150
"../../../Engine/Content/Functions/Engine_MaterialFunctions01/Shading/ConvertFromDiffSpec.uasset" 151
"../../../Engine/Content/Functions/Engine_MaterialFunctions01/Shading/PowerToRoughness.uasset" 152
"../../../Engine/Content/Maps/Templates/Thumbnails/Default.uasset" 153
"../../../Engine/Content/Maps/Templates/Thumbnails/TimeOfDay.uasset" 154
"../../../Engine/Content/Maps/Templates/Thumbnails/VR-Basic.uasset" 155
"../../../Engine/Content/MobileResources/T_MobileControls_texture.uasset" 156
"../../../Engine/Content/MobileResources/T_MobileMenu2.uasset" 157
"../../../Engine/Content/MobileResources/HUD/AnalogHat.uasset" 158
"../../../Engine/Content/MobileResources/HUD/VirtualJoystick_Background.uasset" 159
"../../../Engine/Content/MobileResources/HUD/VirtualJoystick_Thumb.uasset" 160
"../../../Engine/Content/MobileResources/HUD/DefaultVirtualJoysticks.uasset" 161
"../../../Engine/Content/MobileResources/HUD/LeftVirtualJoystickOnly.uasset" 162
"../../../Engine/Content/MobileResources/HUD/MobileHUDButton1_off.uasset" 163
"../../../Engine/Content/MobileResources/HUD/MobileHUDButton1_on.uasset" 164
"../../../Engine/Content/MobileResources/HUD/MobileHUDButton2_off.uasset" 165
"../../../Engine/Content/MobileResources/HUD/MobileHUDButton2_on.uasset" 166
"../../../Engine/Content/MobileResources/HUD/MobileHUDButton3.uasset" 167
"../../../Engine/Content/MobileResources/HUD/MobileHUDButtonFire.uasset" 168
"../../../Engine/Content/MobileResources/HUD/MobileHUDDirectionPad.uasset" 169
"../../../Engine/Content/MobileResources/HUD/MobileHUDDirectionPad2.uasset" 170
"../../../Engine/Content/MobileResources/HUD/MobileHUDDirectionPad3.uasset" 171
"../../../Engine/Content/MobileResources/HUD/MobileHUDDirectionStick.uasset" 172
"../../../Engine/Content/MobileResources/HUD/T_Castle_ThumbstickInner.uasset" 173
"../../../Engine/Content/MobileResources/HUD/T_Castle_ThumbstickOutter.uasset" 174
"../../../Engine/Content/Tutorial/ContentIntroCurve.uasset" 175
"../../../Engine/Content/Tutorial/Basics/LevelEditorAttract.uasset" 176
"../../../Engine/Content/VREditor/LaserPointer/VR_LaserPower_01.uasset" 177
"../../../Engine/Content/VREditor/TransformGizmo/TransformGizmoMaterial.uasset" 178
"../../../Engine/Content/VREditor/TransformGizmo/TranslucentTransformGizmoMaterial.uasset" 179
"../../../Engine/Content/VREditor/TransformGizmo/BoundingBoxCorner.uasset" 180
"../../../Engine/Content/VREditor/TransformGizmo/BoundingBoxEdge.uasset" 181
"../../../Engine/Content/VREditor/TransformGizmo/PlaneTranslationHandle.uasset" 182
"../../../Engine/Content/VREditor/TransformGizmo/Main.uasset" 183
"../../../Engine/Content/VREditor/TransformGizmo/Xray.uasset" 184
"../../../Engine/Content/VREditor/TransformGizmo/SM_Sequencer_Key.uasset" 185
"../../../Engine/Content/VREditor/TransformGizmo/SM_Sequencer_Node.uasset" 186
"../../Plugins/2D/Paper2D/Content/PlaceholderTextures/DummySpriteTexture.uasset" 187
"../../Plugins/2D/Paper2D/Content/DummySprite.uasset" 188
"../../Plugins/2D/Paper2D/Content/DefaultPaperTerrainMaterial.uasset" 189
"../../Plugins/2D/Paper2D/Content/DefaultSpriteMaterial.uasset" 190
"../../Plugins/2D/Paper2D/Content/MaskedUnlitSpriteMaterial.uasset" 191
"../../Plugins/2D/Paper2D/Content/OpaqueUnlitSpriteMaterial.uasset" 192
"../../Plugins/FX/Niagara/Content/Enums/ENiagaraBooleanLogicOps.uasset" 193
"../../Plugins/FX/Niagara/Content/Enums/ENiagaraCoordinateSpace.uasset" 194
"../../Plugins/FX/Niagara/Content/Enums/ENiagaraExpansionMode.uasset" 195
"../../Plugins/FX/Niagara/Content/Enums/ENiagaraOrientationAxis.uasset" 196
"../../Plugins/FX/Niagara/Content/Enums/ENiagaraRandomnessMode.uasset" 197
"../../../Engine/Content/Functions/Engine_MaterialFunctions02/Utility/BreakOutFloat4Components.uasset" 198
"../../../Engine/Content/Functions/Engine_MaterialFunctions02/Utility/MakeFloat2.uasset" 199
"../../../Engine/Content/Functions/Engine_MaterialFunctions02/Utility/MakeFloat3.uasset" 200
"../../Plugins/Runtime/Oculus/OculusVR/Content/Materials/OculusMR_ChromaKey.uasset" 201
"../../Plugins/Runtime/Oculus/OculusVR/Content/Materials/OculusMR_ChromaKey_Lit.uasset" 202
"../../Plugins/Runtime/Oculus/OculusVR/Content/Materials/OculusMR_OpaqueColoredMaterial.uasset" 203
"../../Plugins/Runtime/Oculus/OculusVR/Content/Materials/OculusMR_WhiteMaterial.uasset" 204
"../../../Engine/Content/EngineSky/C_Sky_Cloud_Color.uasset" 205
"../../../Engine/Content/EngineSky/C_Sky_Horizon_Color.uasset" 206
"../../../Engine/Content/EngineSky/C_Sky_Zenith_Color.uasset" 207
"../../../Engine/Content/EngineSky/T_Sky_Blue.uasset" 208
"../../../Engine/Content/EngineSky/T_Sky_Clouds_M.uasset" 209
"../../../Engine/Content/EngineSky/T_Sky_Stars.uasset" 210
"../../../Engine/Content/EngineSky/M_Sky_Panning_Clouds2.uasset" 211
"../../../Engine/Content/EngineSky/SM_SkySphere.uasset" 212
"../../../Engine/Content/EngineSky/BP_Sky_Sphere.uasset" 213
"../../../../Users/geova/OneDrive/Documents/Unreal Projects/VRClassroom 4.25/Content/VirtualReality/Materials/M_BaseMaterial.uasset" 214
"../../../../Users/geova/OneDrive/Documents/Unreal Projects/VRClassroom 4.25/Content/VirtualReality/Materials/MI_SmallCubes.uasset" 215
"../../../../Users/geova/OneDrive/Documents/Unreal Projects/VRClassroom 4.25/Content/Geometry/Meshes/CubeMaterial.uasset" 216
"../../../../Users/geova/OneDrive/Documents/Unreal Projects/VRClassroom 4.25/Content/Geometry/Meshes/1M_Cube.uasset" 217
"../../../../Users/geova/OneDrive/Documents/Unreal Projects/VRClassroom 4.25/Content/VirtualRealityBP/Blueprints/BP_PickupCube.uasset" 218
"../../../../Users/geova/OneDrive/Documents/Unreal Projects/VRClassroom 4.25/Content/Campus/Maps/TestServer_BuiltData.uasset" 219
"../../../../Users/geova/OneDrive/Documents/Unreal Projects/VRClassroom 4.25/Content/VirtualReality/Materials/MI_BaseMaterial2.uasset" 220
"../../../../Users/geova/OneDrive/Documents/Unreal Projects/VRClassroom 4.25/Content/VirtualReality/Materials/MI_BaseMaterial3.uasset" 221
"../../../../Users/geova/OneDrive/Documents/Unreal Projects/VRClassroom 4.25/Content/Campus/Maps/TestServer.umap" 222
"../../../../Users/geova/OneDrive/Documents/Unreal Projects/VRClassroom 4.25/Content/Campus/Maps/TestyMainMap_BuiltData.uasset" 223
"../../../Engine/Content/MapTemplates/SM_Template_Map_Floor.uasset" 224
"../../../../Users/geova/OneDrive/Documents/Unreal Projects/VRClassroom 4.25/Content/Campus/Maps/TestyMainMap.umap" 225
